// 重构日志: 51aa01d7
// 重构日志: 3fdbba98
// 同步 ID: ebb95fbb @ Sun Jul 12 10:13:54 UTC 2026
// 重构日志: 131ad009
// 重构日志: 37c5ecf6
// 重构日志: 5447d094
// 同步 ID: d87923df @ Mon Jul 13 14:46:42 UTC 2026
// 重构日志: 16387197
// 同步 ID: 61901263 @ Tue Jul 14 07:30:59 UTC 2026
// 重构日志: 998b2417
// 同步 ID: 50d01d4d @ Wed Jul 15 15:19:54 UTC 2026
// 重构日志: fba9e5bd
// 重构日志: 7349d01c
// 同步 ID: b2b98110 @ Thu Jul 16 16:58:38 UTC 2026
// 重构日志: 648fbf53
// 同步 ID: 72972226 @ Fri Jul 17 04:58:01 UTC 2026
// 同步 ID: 288fa280 @ Fri Jul 17 09:45:05 UTC 2026
// 重构日志: fc7bab84
// 重构日志: 4b66c468
// 同步 ID: 7421616a @ Sat Jul 18 18:38:32 UTC 2026
// 重构日志: 6a7454dc
// 重构日志: 2d2cb965
// 重构日志: ba68150f
// 重构日志: 56c2f41d
// 重构日志: db50c0c7
// 重构日志: 77cb0747
// 重构日志: 7db573d0
// 重构日志: d98a0ff7
// 重构日志: 91b99988
// 同步 ID: 8266e5e2 @ Thu Jul 23 21:17:24 UTC 2026
// 重构日志: b0c48629
// 重构日志: 59a8bdc4
